Grammar

    0 $accept: start $end

    1 start: IDENTIFIER
    2      | INVALID


Terminals, with rules where they appear

    $end (0) 0
    error (256)
    IDENTIFIER (258) 1
    INVALID (259) 2


Nonterminals, with rules where they appear

    $accept (5)
        on left: 0
    start (6)
        on left: 1 2
        on right: 0


State 0

    0 $accept: . start $end

    IDENTIFIER  shift, and go to state 1
    INVALID     shift, and go to state 2

    start  go to state 3


State 1

    1 start: IDENTIFIER .

    $default  reduce using rule 1 (start)


State 2

    2 start: INVALID .

    $default  reduce using rule 2 (start)


State 3

    0 $accept: start . $end

    $end  shift, and go to state 4


State 4

    0 $accept: start $end .

    $default  accept
