Grammar

    0 $accept: program $end

    1 program: expr

    2 expr: expr PLUS expr
    3     | expr MINUS expr
    4     | expr MUL expr
    5     | expr DIV expr
    6     | LPAREN expr RPAREN
    7     | INT_CONST
    8     | FLOAT_CONST


Terminals, with rules where they appear

    $end (0) 0
    error (256)
    INT_CONST <fval> (258) 7
    FLOAT_CONST <fval> (259) 8
    PLUS (260) 2
    MINUS (261) 3
    MUL (262) 4
    DIV (263) 5
    LPAREN (264) 6
    RPAREN (265) 6


Nonterminals, with rules where they appear

    $accept (11)
        on left: 0
    program (12)
        on left: 1
        on right: 0
    expr <fval> (13)
        on left: 2 3 4 5 6 7 8
        on right: 1 2 3 4 5 6


State 0

    0 $accept: . program $end

    INT_CONST    shift, and go to state 1
    FLOAT_CONST  shift, and go to state 2
    LPAREN       shift, and go to state 3

    program  go to state 4
    expr     go to state 5


State 1

    7 expr: INT_CONST .

    $default  reduce using rule 7 (expr)


State 2

    8 expr: FLOAT_CONST .

    $default  reduce using rule 8 (expr)


State 3

    6 expr: LPAREN . expr RPAREN

    INT_CONST    shift, and go to state 1
    FLOAT_CONST  shift, and go to state 2
    LPAREN       shift, and go to state 3

    expr  go to state 6


State 4

    0 $accept: program . $end

    $end  shift, and go to state 7


State 5

    1 program: expr .
    2 expr: expr . PLUS expr
    3     | expr . MINUS expr
    4     | expr . MUL expr
    5     | expr . DIV expr

    PLUS   shift, and go to state 8
    MINUS  shift, and go to state 9
    MUL    shift, and go to state 10
    DIV    shift, and go to state 11

    $default  reduce using rule 1 (program)


State 6

    2 expr: expr . PLUS expr
    3     | expr . MINUS expr
    4     | expr . MUL expr
    5     | expr . DIV expr
    6     | LPAREN expr . RPAREN

    PLUS    shift, and go to state 8
    MINUS   shift, and go to state 9
    MUL     shift, and go to state 10
    DIV     shift, and go to state 11
    RPAREN  shift, and go to state 12


State 7

    0 $accept: program $end .

    $default  accept


State 8

    2 expr: expr PLUS . expr

    INT_CONST    shift, and go to state 1
    FLOAT_CONST  shift, and go to state 2
    LPAREN       shift, and go to state 3

    expr  go to state 13


State 9

    3 expr: expr MINUS . expr

    INT_CONST    shift, and go to state 1
    FLOAT_CONST  shift, and go to state 2
    LPAREN       shift, and go to state 3

    expr  go to state 14


State 10

    4 expr: expr MUL . expr

    INT_CONST    shift, and go to state 1
    FLOAT_CONST  shift, and go to state 2
    LPAREN       shift, and go to state 3

    expr  go to state 15


State 11

    5 expr: expr DIV . expr

    INT_CONST    shift, and go to state 1
    FLOAT_CONST  shift, and go to state 2
    LPAREN       shift, and go to state 3

    expr  go to state 16


State 12

    6 expr: LPAREN expr RPAREN .

    $default  reduce using rule 6 (expr)


State 13

    2 expr: expr . PLUS expr
    2     | expr PLUS expr .
    3     | expr . MINUS expr
    4     | expr . MUL expr
    5     | expr . DIV expr

    MUL  shift, and go to state 10
    DIV  shift, and go to state 11

    $default  reduce using rule 2 (expr)


State 14

    2 expr: expr . PLUS expr
    3     | expr . MINUS expr
    3     | expr MINUS expr .
    4     | expr . MUL expr
    5     | expr . DIV expr

    MUL  shift, and go to state 10
    DIV  shift, and go to state 11

    $default  reduce using rule 3 (expr)


State 15

    2 expr: expr . PLUS expr
    3     | expr . MINUS expr
    4     | expr . MUL expr
    4     | expr MUL expr .
    5     | expr . DIV expr

    $default  reduce using rule 4 (expr)


State 16

    2 expr: expr . PLUS expr
    3     | expr . MINUS expr
    4     | expr . MUL expr
    5     | expr . DIV expr
    5     | expr DIV expr .

    $default  reduce using rule 5 (expr)
